{"users":[],"error":"","message":""}
{"users":[],"error":"","message":""}
{"users":[{"id":"4","username":"Ethan","firstname":"Ethan Marco","lastname":"Orias","email":"eorias.9146@umak.edu.ph","contact_number":"09486535810","user_status":"customer"}],"error":"","message":""}
{"users":[{"id":"4","username":"Ethan","firstname":"Ethan Marco","lastname":"Orias","email":"eorias.9146@umak.edu.ph","contact_number":"09486535810","user_status":"customer"}],"error":"","message":""}
{"users":[{"id":"4","username":"Ethan","firstname":"Ethan Marco","lastname":"Orias","email":"eorias.9146@umak.edu.ph","contact_number":"09486535810","user_status":"customer"}],"error":"","message":""}
{"users":[{"id":"4","username":"Ethan","firstname":"Ethan Marco","lastname":"Orias","email":"eorias.9146@umak.edu.ph","contact_number":"09486535810","user_status":"customer"}],"error":"","message":""}
{"users":[{"id":"4","username":"Ethan","firstname":"Ethan Marco","lastname":"Orias","email":"eorias.9146@umak.edu.ph","contact_number":"09486535810","user_status":"customer"}],"error":"","message":""}
{"users":[{"id":"4","username":"Ethan","firstname":"Ethan Marco","lastname":"Orias","email":"eorias.9146@umak.edu.ph","contact_number":"09486535810","user_status":"customer"}],"error":"","message":""}
{"users":[{"id":"4","username":"Ethan","firstname":"Ethan Marco","lastname":"Orias","email":"eorias.9146@umak.edu.ph","contact_number":"09486535810","user_status":"customer"}],"error":"","message":""}
{"users":[],"error":"","message":""}
{"users":[{"id":"4","username":"Ethan","firstname":"Ethan Marco","lastname":"Orias","email":"eorias.9146@umak.edu.ph","contact_number":"09486535810","user_status":"customer"}],"error":"","message":""}
{"users":[{"id":"4","username":"Ethan","firstname":"Ethan Marco","lastname":"Orias","email":"eorias.9146@umak.edu.ph","contact_number":"09486535810","user_status":"customer"}],"error":"","message":""}
{"users":[],"error":"","message":""}
{"users":[{"id":"4","username":"Ethan","firstname":"Ethan Marco","lastname":"Orias","email":"eorias.9146@umak.edu.ph","contact_number":"09486535810","user_status":"customer"}],"error":"","message":""}
{"users":[{"id":"4","username":"Ethan","firstname":"Ethan Marco","lastname":"Orias","email":"eorias.9146@umak.edu.ph","contact_number":"09486535810","user_status":"customer"}],"error":"","message":""}
{"users":[{"id":"4","username":"Ethan","firstname":"Ethan Marco","lastname":"Orias","email":"eorias.9146@umak.edu.ph","contact_number":"09486535810","user_status":"customer"}],"error":"","message":""}
{"users":[],"error":"","message":"User updated successfully."}
{"users":[{"id":"4","username":"Ethan","firstname":"Ethan Marco","lastname":"Orias","email":"eorias.9146@umak.edu.ph","contact_number":"09486535810","user_status":"admin"}],"error":"","message":""}
{"users":[],"error":"","message":"User updated successfully."}
{"users":[{"id":"4","username":"Ethan_2306","firstname":"Ethan Marco","lastname":"Orias","email":"eorias.9146@umak.edu.ph","contact_number":"09486535810","user_status":"admin"}],"error":"","message":""}
{"users":[{"id":"4","username":"Ethan_2306","firstname":"Ethan Marco","lastname":"Orias","email":"eorias.9146@umak.edu.ph","contact_number":"09486535810","user_status":"admin"}],"error":"","message":""}
{"users":[{"id":"4","username":"Ethan_2306","firstname":"Ethan Marco","lastname":"Orias","email":"eorias.9146@umak.edu.ph","contact_number":"09486535810","user_status":"admin"}],"error":"","message":""}
{"users":[{"id":"4","username":"Ethan_2306","firstname":"Ethan Marco","lastname":"Orias","email":"eorias.9146@umak.edu.ph","contact_number":"09486535810","user_status":"admin"}],"error":"","message":""}
{"users":[{"id":"4","username":"Ethan_2306","firstname":"Ethan Marco","lastname":"Orias","email":"eorias.9146@umak.edu.ph","contact_number":"09486535810","user_status":"admin"}],"error":"","message":""}
{"users":[{"id":"4","username":"Ethan_2306","firstname":"Ethan Marco","lastname":"Orias","email":"eorias.9146@umak.edu.ph","contact_number":"09486535810","user_status":"admin"}],"error":"","message":""}
{"users":[{"id":"4","username":"Ethan_2306","firstname":"Ethan Marco","lastname":"Orias","email":"eorias.9146@umak.edu.ph","contact_number":"09486535810","user_status":"admin"}],"error":"","message":""}
{"users":[{"id":"4","username":"Ethan_2306","firstname":"Ethan Marco","lastname":"Orias","email":"eorias.9146@umak.edu.ph","contact_number":"09486535810","user_status":"admin"}],"error":"","message":""}
{"users":[{"id":"4","username":"Ethan_2306","firstname":"Ethan Marco","lastname":"Orias","email":"eorias.9146@umak.edu.ph","contact_number":"09486535810","user_status":"admin"}],"error":"","message":""}
{"users":[{"id":"4","username":"Ethan_2306","firstname":"Ethan Marco","lastname":"Orias","email":"eorias.9146@umak.edu.ph","contact_number":"09486535810","user_status":"admin"}],"error":"","message":""}
{"users":[{"id":"4","username":"Ethan_2306","firstname":"Ethan Marco","lastname":"Orias","email":"eorias.9146@umak.edu.ph","contact_number":"09486535810","user_status":"admin"}],"error":"","message":""}
{"users":[{"id":"4","username":"Ethan_2306","firstname":"Ethan Marco","lastname":"Orias","email":"eorias.9146@umak.edu.ph","contact_number":"09486535810","user_status":"admin"}],"error":"","message":""}
{"users":[{"id":"4","username":"Ethan_2306","firstname":"Ethan Marco","lastname":"Orias","email":"eorias.9146@umak.edu.ph","contact_number":"09486535810","user_status":"admin"}],"error":"","message":""}
{"users":[{"id":"4","username":"Ethan_2306","firstname":"Ethan Marco","lastname":"Orias","email":"eorias.9146@umak.edu.ph","contact_number":"09486535810","user_status":"admin"}],"error":"","message":""}
{"users":[],"error":"","message":"User updated successfully."}
{"users":[{"id":"4","username":"Ethan_2306","firstname":"Ethan Marco","lastname":"Orias","email":"eorias.9146@umak.edu.ph","contact_number":"09486535810","user_status":"customer"}],"error":"","message":""}
{"users":[],"error":"","message":"User updated successfully."}
{"users":[{"id":"4","username":"Ethan_2306","firstname":"Ethan Marco","lastname":"Orias","email":"eorias.9146@umak.edu.ph","contact_number":"09486535810","user_status":"admin"}],"error":"","message":""}
{"users":[{"id":"4","username":"Ethan_2306","firstname":"Ethan Marco","lastname":"Orias","email":"eorias.9146@umak.edu.ph","contact_number":"09486535810","user_status":"admin"}],"error":"","message":""}
{"users":[],"error":"","message":"User updated successfully."}
{"users":[{"id":"4","username":"Ethan_2306","firstname":"Ethan Marco","lastname":"Orias","email":"eorias.9146@umak.edu.ph","contact_number":"09486535810","user_status":"customer"}],"error":"","message":""}
{"users":[],"error":"","message":"User updated successfully."}
{"users":[{"id":"4","username":"Ethan_2306","firstname":"Ethan Marco","lastname":"Orias","email":"eorias.9146@umak.edu.ph","contact_number":"09486535810","user_status":"admin"}],"error":"","message":""}
{"users":[{"id":"4","username":"Ethan_2306","firstname":"Ethan Marco","lastname":"Orias","email":"eorias.9146@umak.edu.ph","contact_number":"09486535810","user_status":"admin"}],"error":"","message":""}
{"users":[],"error":"","message":"User updated successfully."}
{"users":[{"id":"4","username":"TabuzoPogi6969","firstname":"Ethan Marco","lastname":"Orias","email":"eorias.9146@umak.edu.ph","contact_number":"09486535810","user_status":"admin"}],"error":"","message":""}
{"users":[],"error":"","message":"User updated successfully."}
{"users":[{"id":"4","username":"TabuzoPogi6969","firstname":"Tabuzo","lastname":"Orias","email":"eorias.9146@umak.edu.ph","contact_number":"09486535810","user_status":"admin"}],"error":"","message":""}
{"users":[{"id":"4","username":"TabuzoPogi6969","firstname":"Tabuzo","lastname":"Orias","email":"eorias.9146@umak.edu.ph","contact_number":"09486535810","user_status":"admin"}],"error":"","message":""}
